1630417031457	geckodriver	INFO	Listening on 127.0.0.1:58937
1630417032428	mozrunner::runner	INFO	Running command: "/usr/bin/firefox" "--marionette" "-foreground" "-no-remote" "-profile" "/tmp/rust_mozprofileqxF3iC"
1630417038152	Marionette	INFO	Marionette enabled
console.warn: SearchSettings: "get: No settings file exists, new profile?" (new NotFoundError("Could not open the file at /tmp/rust_mozprofileqxF3iC/search.json.mozlz4", (void 0)))
1630417045331	Marionette	INFO	Listening on port 39875
1630417045613	RemoteAgent	WARN	TLS certificate errors will be ignored for this session
JavaScript warning: https://discord.com/assets/14eeac52c9c5f0a9923a.js, line 3816: unreachable code after return statement
JavaScript warning: https://discord.com/assets/14eeac52c9c5f0a9923a.js, line 3816: unreachable code after return statement
JavaScript warning: https://discord.com/assets/14eeac52c9c5f0a9923a.js, line 3816: unreachable code after return statement
JavaScript warning: https://discord.com/assets/14eeac52c9c5f0a9923a.js, line 3816: unreachable code after return statement
JavaScript warning: https://discord.com/assets/14eeac52c9c5f0a9923a.js, line 3816: unreachable code after return statement
JavaScript warning: https://discord.com/assets/14eeac52c9c5f0a9923a.js, line 3816: unreachable code after return statement
JavaScript warning: https://discord.com/assets/14eeac52c9c5f0a9923a.js, line 3816: unreachable code after return statement
JavaScript warning: https://discord.com/assets/14eeac52c9c5f0a9923a.js, line 3816: unreachable code after return statement
1630417074775	Marionette	INFO	Stopped listening on port 39875
JavaScript error: resource:///modules/Interactions.jsm, line 209: NS_ERROR_FAILURE: Component returned failure code: 0x80004005 (NS_ERROR_FAILURE) [nsIUserIdleService.removeIdleObserver]
JavaScript error: chrome://remote/content/marionette/cert.js, line 55: NS_ERROR_NOT_AVAILABLE: Component returned failure code: 0x80040111 (NS_ERROR_NOT_AVAILABLE) [nsICertOverrideService.setDisableAllSecurityChecksAndLetAttackersInterceptMyData]
[Parent 5061, IPC I/O Parent] WARNING: FileDescriptorSet destroyed with unconsumed descriptors: file /build/firefox-RJh93w/firefox-91.0.2+build1/ipc/chromium/src/chrome/common/file_descriptor_set_posix.cc:19

###!!! [Parent][RunMessage] Error: Channel closing: too late to send/recv, messages will be lost

1630422989919	geckodriver	INFO	Listening on 127.0.0.1:60945
1630422989924	mozrunner::runner	INFO	Running command: "/usr/bin/firefox" "--marionette" "-foreground" "-no-remote" "-profile" "/tmp/rust_mozprofile1droPp"
1630422991429	Marionette	INFO	Marionette enabled
console.warn: SearchSettings: "get: No settings file exists, new profile?" (new NotFoundError("Could not open the file at /tmp/rust_mozprofile1droPp/search.json.mozlz4", (void 0)))
1630422994949	Marionette	INFO	Listening on port 36459
1630422995058	RemoteAgent	WARN	TLS certificate errors will be ignored for this session
JavaScript warning: https://discord.com/assets/14eeac52c9c5f0a9923a.js, line 3816: unreachable code after return statement
JavaScript warning: https://discord.com/assets/14eeac52c9c5f0a9923a.js, line 3816: unreachable code after return statement
JavaScript warning: https://discord.com/assets/14eeac52c9c5f0a9923a.js, line 3816: unreachable code after return statement
JavaScript warning: https://discord.com/assets/14eeac52c9c5f0a9923a.js, line 3816: unreachable code after return statement
JavaScript warning: https://discord.com/assets/14eeac52c9c5f0a9923a.js, line 3816: unreachable code after return statement
JavaScript warning: https://discord.com/assets/14eeac52c9c5f0a9923a.js, line 3816: unreachable code after return statement
JavaScript warning: https://discord.com/assets/14eeac52c9c5f0a9923a.js, line 3816: unreachable code after return statement
JavaScript warning: https://discord.com/assets/14eeac52c9c5f0a9923a.js, line 3816: unreachable code after return statement
1630423077650	geckodriver	INFO	Listening on 127.0.0.1:39321
1630423077655	mozrunner::runner	INFO	Running command: "/usr/bin/firefox" "--marionette" "-foreground" "-no-remote" "-profile" "/tmp/rust_mozprofileDfcjby"
1630423079249	Marionette	INFO	Marionette enabled
console.warn: SearchSettings: "get: No settings file exists, new profile?" (new NotFoundError("Could not open the file at /tmp/rust_mozprofileDfcjby/search.json.mozlz4", (void 0)))
1630423083056	Marionette	INFO	Listening on port 33301
1630423083151	RemoteAgent	WARN	TLS certificate errors will be ignored for this session
JavaScript warning: https://discord.com/assets/14eeac52c9c5f0a9923a.js, line 3816: unreachable code after return statement
JavaScript warning: https://discord.com/assets/14eeac52c9c5f0a9923a.js, line 3816: unreachable code after return statement
JavaScript warning: https://discord.com/assets/14eeac52c9c5f0a9923a.js, line 3816: unreachable code after return statement
JavaScript warning: https://discord.com/assets/14eeac52c9c5f0a9923a.js, line 3816: unreachable code after return statement
1630423106390	Marionette	INFO	Stopped listening on port 33301
JavaScript error: resource:///modules/Interactions.jsm, line 209: NS_ERROR_FAILURE: Component returned failure code: 0x80004005 (NS_ERROR_FAILURE) [nsIUserIdleService.removeIdleObserver]
Marionette threw an error: TypeError: browsingContext.currentWindowGlobal is null
getMarionetteCommandsActorProxy/get/<@chrome://remote/content/marionette/actors/MarionetteCommandsParent.jsm:326:29

JavaScript error: chrome://remote/content/marionette/cert.js, line 55: NS_ERROR_NOT_AVAILABLE: Component returned failure code: 0x80040111 (NS_ERROR_NOT_AVAILABLE) [nsICertOverrideService.setDisableAllSecurityChecksAndLetAttackersInterceptMyData]
1630423114358	Marionette	INFO	Stopped listening on port 36459
JavaScript error: resource:///modules/Interactions.jsm, line 209: NS_ERROR_FAILURE: Component returned failure code: 0x80004005 (NS_ERROR_FAILURE) [nsIUserIdleService.removeIdleObserver]
JavaScript error: chrome://remote/content/marionette/cert.js, line 55: NS_ERROR_NOT_AVAILABLE: Component returned failure code: 0x80040111 (NS_ERROR_NOT_AVAILABLE) [nsICertOverrideService.setDisableAllSecurityChecksAndLetAttackersInterceptMyData]
1630423177580	geckodriver	INFO	Listening on 127.0.0.1:49251
1630423177584	mozrunner::runner	INFO	Running command: "/usr/bin/firefox" "--marionette" "-foreground" "-no-remote" "-profile" "/tmp/rust_mozprofilervhCO5"
1630423179076	Marionette	INFO	Marionette enabled
console.warn: SearchSettings: "get: No settings file exists, new profile?" (new NotFoundError("Could not open the file at /tmp/rust_mozprofilervhCO5/search.json.mozlz4", (void 0)))
1630423182764	Marionette	INFO	Listening on port 36473
1630423182846	RemoteAgent	WARN	TLS certificate errors will be ignored for this session
1630423184029	Marionette	INFO	Stopped listening on port 36473
JavaScript error: resource:///modules/Interactions.jsm, line 209: NS_ERROR_FAILURE: Component returned failure code: 0x80004005 (NS_ERROR_FAILURE) [nsIUserIdleService.removeIdleObserver]
JavaScript error: chrome://remote/content/marionette/cert.js, line 55: NS_ERROR_NOT_AVAILABLE: Component returned failure code: 0x80040111 (NS_ERROR_NOT_AVAILABLE) [nsICertOverrideService.setDisableAllSecurityChecksAndLetAttackersInterceptMyData]
console.log: "RemoteSettingsWorker error: Error: Can't import when we've started shutting down."
console.log: "RemoteSettingsWorker error: Error: Can't import when we've started shutting down."
console.log: "RemoteSettingsWorker error: Error: Can't import when we've started shutting down."
console.log: "RemoteSettingsWorker error: Error: Can't import when we've started shutting down."
console.log: "RemoteSettingsWorker error: Error: Can't import when we've started shutting down."
console.log: "RemoteSettingsWorker error: Error: Can't import when we've started shutting down."
console.error: "Could not load engine google@search.mozilla.org: [Exception... \"AddonManager is not initialized\"  nsresult: \"0xc1f30001 (NS_ERROR_NOT_INITIALIZED)\"  location: \"JS frame :: resource://gre/modules/AddonManager.jsm :: installBuiltinAddon :: line 2536\"  data: no]"
console.error: "Could not load engine wikipedia@search.mozilla.org: [Exception... \"AddonManager is not initialized\"  nsresult: \"0xc1f30001 (NS_ERROR_NOT_INITIALIZED)\"  location: \"JS frame :: resource://gre/modules/AddonManager.jsm :: installBuiltinAddon :: line 2536\"  data: no]"
console.error: "Could not load engine mercadolivre@search.mozilla.org: [Exception... \"AddonManager is not initialized\"  nsresult: \"0xc1f30001 (NS_ERROR_NOT_INITIALIZED)\"  location: \"JS frame :: resource://gre/modules/AddonManager.jsm :: installBuiltinAddon :: line 2536\"  data: no]"
console.error: "Could not load engine bing@search.mozilla.org: [Exception... \"AddonManager is not initialized\"  nsresult: \"0xc1f30001 (NS_ERROR_NOT_INITIALIZED)\"  location: \"JS frame :: resource://gre/modules/AddonManager.jsm :: installBuiltinAddon :: line 2536\"  data: no]"
console.error: "Could not load engine ddg@search.mozilla.org: [Exception... \"AddonManager is not initialized\"  nsresult: \"0xc1f30001 (NS_ERROR_NOT_INITIALIZED)\"  location: \"JS frame :: resource://gre/modules/AddonManager.jsm :: installBuiltinAddon :: line 2536\"  data: no]"
console.warn: SearchService: "_init: abandoning init due to shutting down"
JavaScript error: , line 0: uncaught exception: 2147500036
JavaScript error: , line 0: uncaught exception: 2147500036
JavaScript error: , line 0: uncaught exception: 2147500036
JavaScript error: , line 0: uncaught exception: 2147500036
JavaScript error: , line 0: uncaught exception: 2147500036
JavaScript error: , line 0: uncaught exception: 2147500036
JavaScript error: , line 0: uncaught exception: 2147500036
JavaScript error: , line 0: uncaught exception: 2147500036
JavaScript error: resource://gre/modules/AsyncShutdown.jsm, line 718: Error: Phase "profile-before-change" is finished, it is too late to register completion condition "DoHController: clear state and remove observers"
JavaScript error: resource://gre/modules/IndexedDB.jsm, line 370: UnknownError: IDBDatabase.transaction: Can't start IndexedDB transaction during shutdown
JavaScript error: , line 0: AbortError: A request was aborted, for example through a call to IDBTransaction.abort.
JavaScript error: , line 0: AbortError: A request was aborted, for example through a call to IDBTransaction.abort.

###!!! [Parent][RunMessage] Error: Channel closing: too late to send/recv, messages will be lost

1630423189780	geckodriver	INFO	Listening on 127.0.0.1:32933
1630423189785	mozrunner::runner	INFO	Running command: "/usr/bin/firefox" "--marionette" "-foreground" "-no-remote" "-profile" "/tmp/rust_mozprofileGDZRfV"
1630423191250	Marionette	INFO	Marionette enabled
console.warn: SearchSettings: "get: No settings file exists, new profile?" (new NotFoundError("Could not open the file at /tmp/rust_mozprofileGDZRfV/search.json.mozlz4", (void 0)))
1630423194997	Marionette	INFO	Listening on port 46379
1630423195076	RemoteAgent	WARN	TLS certificate errors will be ignored for this session
JavaScript warning: https://discord.com/assets/14eeac52c9c5f0a9923a.js, line 3816: unreachable code after return statement
JavaScript warning: https://discord.com/assets/14eeac52c9c5f0a9923a.js, line 3816: unreachable code after return statement
JavaScript warning: https://discord.com/assets/14eeac52c9c5f0a9923a.js, line 3816: unreachable code after return statement
JavaScript warning: https://discord.com/assets/14eeac52c9c5f0a9923a.js, line 3816: unreachable code after return statement
console.error: Region.jsm: "Error fetching region" (new Error("TIMEOUT", "resource://gre/modules/Region.jsm", 772))
console.error: Region.jsm: "Failed to fetch region" (new Error("TIMEOUT", "resource://gre/modules/Region.jsm", 419))
JavaScript error: resource://gre/modules/CrashManager.jsm, line 829: AbortError: IOUtils: Shutting down and refusing additional I/O tasks
ExceptionHandler::GenerateDump cloned child ExceptionHandler::WaitForContinueSignal waiting for continue signal...
10684
ExceptionHandler::SendContinueSignalToChild sent continue signal to child
1630423282585	geckodriver	INFO	Listening on 127.0.0.1:52987
1630423282589	mozrunner::runner	INFO	Running command: "/usr/bin/firefox" "--marionette" "-foreground" "-no-remote" "-profile" "/tmp/rust_mozprofileZwMOil"
1630423284741	Marionette	INFO	Marionette enabled
console.warn: SearchSettings: "get: No settings file exists, new profile?" (new NotFoundError("Could not open the file at /tmp/rust_mozprofileZwMOil/search.json.mozlz4", (void 0)))
1630423289050	Marionette	INFO	Listening on port 44263
JavaScript error: resource:///modules/UrlbarInput.jsm, line 2909: TypeError: event.target.closest is not a function
1630423289141	RemoteAgent	WARN	TLS certificate errors will be ignored for this session
JavaScript warning: https://discord.com/assets/14eeac52c9c5f0a9923a.js, line 3816: unreachable code after return statement
JavaScript warning: https://discord.com/assets/14eeac52c9c5f0a9923a.js, line 3816: unreachable code after return statement
1630423290816	Marionette	INFO	Stopped listening on port 44263
JavaScript error: resource:///modules/Interactions.jsm, line 209: NS_ERROR_FAILURE: Component returned failure code: 0x80004005 (NS_ERROR_FAILURE) [nsIUserIdleService.removeIdleObserver]
JavaScript warning: https://discord.com/assets/14eeac52c9c5f0a9923a.js, line 3816: unreachable code after return statement
JavaScript warning: https://discord.com/assets/14eeac52c9c5f0a9923a.js, line 3816: unreachable code after return statement
Marionette threw an error: NotFoundError: WindowGlobalParent.getActor: No such JSWindowActor 'MarionetteCommands'
getMarionetteCommandsActorProxy/get/<@chrome://remote/content/marionette/actors/MarionetteCommandsParent.jsm:326:65
unregisterCommandsActor@chrome://remote/content/marionette/actors/MarionetteCommandsParent.jsm:390:15
GeckoDriver.prototype.deleteSession@chrome://remote/content/marionette/driver.js:2251:3
onClosed@chrome://remote/content/marionette/server.js:209:17
close@chrome://remote/content/marionette/transport.js:221:18
onInputStreamReady@chrome://remote/content/marionette/transport.js:375:14

JavaScript error: chrome://remote/content/marionette/cert.js, line 55: NS_ERROR_NOT_AVAILABLE: Component returned failure code: 0x80040111 (NS_ERROR_NOT_AVAILABLE) [nsICertOverrideService.setDisableAllSecurityChecksAndLetAttackersInterceptMyData]
JavaScript error: chrome://remote/content/marionette/driver.js, line 2245: NS_ERROR_ILLEGAL_VALUE: Component returned failure code: 0x80070057 (NS_ERROR_ILLEGAL_VALUE) [nsIObserverService.removeObserver]
Exiting due to channel error.
Exiting due to channel error.
1630423301513	Marionette	INFO	Stopped listening on port 46379
JavaScript error: resource:///modules/Interactions.jsm, line 209: NS_ERROR_FAILURE: Component returned failure code: 0x80004005 (NS_ERROR_FAILURE) [nsIUserIdleService.removeIdleObserver]
JavaScript error: chrome://remote/content/marionette/cert.js, line 55: NS_ERROR_NOT_AVAILABLE: Component returned failure code: 0x80040111 (NS_ERROR_NOT_AVAILABLE) [nsICertOverrideService.setDisableAllSecurityChecksAndLetAttackersInterceptMyData]
1630424819221	geckodriver	INFO	Listening on 127.0.0.1:50915
1630424819225	mozrunner::runner	INFO	Running command: "/usr/bin/firefox" "--marionette" "-foreground" "-no-remote" "-profile" "/tmp/rust_mozprofilesyfLUQ"
1630424821186	Marionette	INFO	Marionette enabled
console.warn: SearchSettings: "get: No settings file exists, new profile?" (new NotFoundError("Could not open the file at /tmp/rust_mozprofilesyfLUQ/search.json.mozlz4", (void 0)))
1630424824883	Marionette	INFO	Listening on port 42855
1630424824981	RemoteAgent	WARN	TLS certificate errors will be ignored for this session
JavaScript warning: https://discord.com/assets/14eeac52c9c5f0a9923a.js, line 3816: unreachable code after return statement
JavaScript warning: https://discord.com/assets/14eeac52c9c5f0a9923a.js, line 3816: unreachable code after return statement
JavaScript warning: https://discord.com/assets/14eeac52c9c5f0a9923a.js, line 3816: unreachable code after return statement
JavaScript warning: https://discord.com/assets/14eeac52c9c5f0a9923a.js, line 3816: unreachable code after return statement
1630424864359	Marionette	INFO	Stopped listening on port 42855
JavaScript error: resource:///modules/Interactions.jsm, line 209: NS_ERROR_FAILURE: Component returned failure code: 0x80004005 (NS_ERROR_FAILURE) [nsIUserIdleService.removeIdleObserver]

###!!! [Child][RunMessage] Error: Channel closing: too late to send/recv, messages will be lost


###!!! [Child][RunMessage] Error: Channel closing: too late to send/recv, messages will be lost


###!!! [Child][RunMessage] Error: Channel closing: too late to send/recv, messages will be lost


###!!! [Child][RunMessage] Error: Channel closing: too late to send/recv, messages will be lost


###!!! [Child][RunMessage] Error: Channel closing: too late to send/recv, messages will be lost


###!!! [Child][RunMessage] Error: Channel closing: too late to send/recv, messages will be lost


###!!! [Child][RunMessage] Error: Channel closing: too late to send/recv, messages will be lost


###!!! [Child][RunMessage] Error: Channel closing: too late to send/recv, messages will be lost


###!!! [Child][RunMessage] Error: Channel closing: too late to send/recv, messages will be lost


###!!! [Child][RunMessage] Error: Channel closing: too late to send/recv, messages will be lost


###!!! [Child][RunMessage] Error: Channel closing: too late to send/recv, messages will be lost


###!!! [Child][RunMessage] Error: Channel closing: too late to send/recv, messages will be lost


###!!! [Child][RunMessage] Error: Channel closing: too late to send/recv, messages will be lost


###!!! [Child][RunMessage] Error: Channel closing: too late to send/recv, messages will be lost


###!!! [Child][RunMessage] Error: Channel closing: too late to send/recv, messages will be lost


###!!! [Child][RunMessage] Error: Channel closing: too late to send/recv, messages will be lost


###!!! [Child][RunMessage] Error: Channel closing: too late to send/recv, messages will be lost


###!!! [Child][RunMessage] Error: Channel closing: too late to send/recv, messages will be lost


###!!! [Child][RunMessage] Error: Channel closing: too late to send/recv, messages will be lost


###!!! [Child][RunMessage] Error: Channel closing: too late to send/recv, messages will be lost


###!!! [Child][RunMessage] Error: Channel closing: too late to send/recv, messages will be lost


###!!! [Child][RunMessage] Error: Channel closing: too late to send/recv, messages will be lost


###!!! [Child][RunMessage] Error: Channel closing: too late to send/recv, messages will be lost


###!!! [Child][RunMessage] Error: Channel closing: too late to send/recv, messages will be lost


###!!! [Child][RunMessage] Error: Channel closing: too late to send/recv, messages will be lost


###!!! [Child][RunMessage] Error: Channel closing: too late to send/recv, messages will be lost


###!!! [Child][RunMessage] Error: Channel closing: too late to send/recv, messages will be lost


###!!! [Child][RunMessage] Error: Channel closing: too late to send/recv, messages will be lost


###!!! [Child][RunMessage] Error: Channel closing: too late to send/recv, messages will be lost


###!!! [Child][RunMessage] Error: Channel closing: too late to send/recv, messages will be lost


###!!! [Child][RunMessage] Error: Channel closing: too late to send/recv, messages will be lost


###!!! [Child][RunMessage] Error: Channel closing: too late to send/recv, messages will be lost


###!!! [Child][RunMessage] Error: Channel closing: too late to send/recv, messages will be lost

JavaScript error: chrome://remote/content/marionette/cert.js, line 55: NS_ERROR_NOT_AVAILABLE: Component returned failure code: 0x80040111 (NS_ERROR_NOT_AVAILABLE) [nsICertOverrideService.setDisableAllSecurityChecksAndLetAttackersInterceptMyData]
1630424882794	geckodriver	INFO	Listening on 127.0.0.1:49083
1630424882799	mozrunner::runner	INFO	Running command: "/usr/bin/firefox" "--marionette" "-foreground" "-no-remote" "-profile" "/tmp/rust_mozprofilepjffTI"
1630424884353	Marionette	INFO	Marionette enabled
console.warn: SearchSettings: "get: No settings file exists, new profile?" (new NotFoundError("Could not open the file at /tmp/rust_mozprofilepjffTI/search.json.mozlz4", (void 0)))
1630424888470	Marionette	INFO	Listening on port 37679
1630424888564	RemoteAgent	WARN	TLS certificate errors will be ignored for this session
JavaScript warning: https://discord.com/assets/14eeac52c9c5f0a9923a.js, line 3816: unreachable code after return statement
JavaScript warning: https://discord.com/assets/14eeac52c9c5f0a9923a.js, line 3816: unreachable code after return statement
JavaScript warning: https://discord.com/assets/14eeac52c9c5f0a9923a.js, line 3816: unreachable code after return statement
JavaScript warning: https://discord.com/assets/14eeac52c9c5f0a9923a.js, line 3816: unreachable code after return statement
JavaScript warning: https://discord.com/assets/14eeac52c9c5f0a9923a.js, line 3816: unreachable code after return statement
JavaScript warning: https://discord.com/assets/14eeac52c9c5f0a9923a.js, line 3816: unreachable code after return statement
JavaScript warning: https://discord.com/assets/14eeac52c9c5f0a9923a.js, line 3816: unreachable code after return statement
JavaScript warning: https://discord.com/assets/14eeac52c9c5f0a9923a.js, line 3816: unreachable code after return statement
1630424944193	geckodriver	INFO	Listening on 127.0.0.1:58085
1630424944200	mozrunner::runner	INFO	Running command: "/usr/bin/firefox" "--marionette" "-foreground" "-no-remote" "-profile" "/tmp/rust_mozprofilePkorL6"
1630424945860	Marionette	INFO	Marionette enabled
console.warn: SearchSettings: "get: No settings file exists, new profile?" (new NotFoundError("Could not open the file at /tmp/rust_mozprofilePkorL6/search.json.mozlz4", (void 0)))
1630424950308	Marionette	INFO	Listening on port 35355
1630424950372	RemoteAgent	WARN	TLS certificate errors will be ignored for this session
JavaScript warning: https://discord.com/assets/14eeac52c9c5f0a9923a.js, line 3816: unreachable code after return statement
JavaScript warning: https://discord.com/assets/14eeac52c9c5f0a9923a.js, line 3816: unreachable code after return statement
JavaScript warning: https://discord.com/assets/14eeac52c9c5f0a9923a.js, line 3816: unreachable code after return statement
JavaScript warning: https://discord.com/assets/14eeac52c9c5f0a9923a.js, line 3816: unreachable code after return statement
JavaScript warning: https://discord.com/assets/14eeac52c9c5f0a9923a.js, line 3816: unreachable code after return statement
JavaScript warning: https://discord.com/assets/14eeac52c9c5f0a9923a.js, line 3816: unreachable code after return statement
JavaScript warning: https://discord.com/assets/14eeac52c9c5f0a9923a.js, line 3816: unreachable code after return statement
JavaScript warning: https://discord.com/assets/14eeac52c9c5f0a9923a.js, line 3816: unreachable code after return statement
1630424995350	Marionette	INFO	Stopped listening on port 35355
JavaScript error: resource:///modules/Interactions.jsm, line 209: NS_ERROR_FAILURE: Component returned failure code: 0x80004005 (NS_ERROR_FAILURE) [nsIUserIdleService.removeIdleObserver]
JavaScript error: chrome://remote/content/marionette/cert.js, line 55: NS_ERROR_NOT_AVAILABLE: Component returned failure code: 0x80040111 (NS_ERROR_NOT_AVAILABLE) [nsICertOverrideService.setDisableAllSecurityChecksAndLetAttackersInterceptMyData]
[Parent 13204, IPC I/O Parent] WARNING: FileDescriptorSet destroyed with unconsumed descriptors: file /build/firefox-RJh93w/firefox-91.0.2+build1/ipc/chromium/src/chrome/common/file_descriptor_set_posix.cc:19
1630424996028	Marionette	INFO	Stopped listening on port 37679
JavaScript error: resource:///modules/Interactions.jsm, line 209: NS_ERROR_FAILURE: Component returned failure code: 0x80004005 (NS_ERROR_FAILURE) [nsIUserIdleService.removeIdleObserver]
JavaScript error: chrome://remote/content/marionette/cert.js, line 55: NS_ERROR_NOT_AVAILABLE: Component returned failure code: 0x80040111 (NS_ERROR_NOT_AVAILABLE) [nsICertOverrideService.setDisableAllSecurityChecksAndLetAttackersInterceptMyData]

###!!! [Parent][RunMessage] Error: Channel closing: too late to send/recv, messages will be lost

1630425080630	geckodriver	INFO	Listening on 127.0.0.1:52215
1630425080634	mozrunner::runner	INFO	Running command: "/usr/bin/firefox" "--marionette" "-foreground" "-no-remote" "-profile" "/tmp/rust_mozprofiles1crtr"
1630425082226	Marionette	INFO	Marionette enabled
console.warn: SearchSettings: "get: No settings file exists, new profile?" (new NotFoundError("Could not open the file at /tmp/rust_mozprofiles1crtr/search.json.mozlz4", (void 0)))
1630425086044	Marionette	INFO	Listening on port 38615
1630425086099	RemoteAgent	WARN	TLS certificate errors will be ignored for this session
JavaScript warning: https://discord.com/assets/14eeac52c9c5f0a9923a.js, line 3816: unreachable code after return statement
JavaScript warning: https://discord.com/assets/14eeac52c9c5f0a9923a.js, line 3816: unreachable code after return statement
JavaScript warning: https://discord.com/assets/14eeac52c9c5f0a9923a.js, line 3816: unreachable code after return statement
JavaScript warning: https://discord.com/assets/14eeac52c9c5f0a9923a.js, line 3816: unreachable code after return statement
JavaScript warning: https://discord.com/assets/14eeac52c9c5f0a9923a.js, line 3816: unreachable code after return statement
JavaScript warning: https://discord.com/assets/14eeac52c9c5f0a9923a.js, line 3816: unreachable code after return statement
JavaScript warning: https://discord.com/assets/14eeac52c9c5f0a9923a.js, line 3816: unreachable code after return statement
JavaScript warning: https://discord.com/assets/14eeac52c9c5f0a9923a.js, line 3816: unreachable code after return statement
1630425159217	geckodriver	INFO	Listening on 127.0.0.1:46421
1630425159221	mozrunner::runner	INFO	Running command: "/usr/bin/firefox" "--marionette" "-foreground" "-no-remote" "-profile" "/tmp/rust_mozprofilebjbJDV"
1630425160893	Marionette	INFO	Marionette enabled
console.warn: SearchSettings: "get: No settings file exists, new profile?" (new NotFoundError("Could not open the file at /tmp/rust_mozprofilebjbJDV/search.json.mozlz4", (void 0)))
1630425165162	Marionette	INFO	Listening on port 37029
1630425165257	RemoteAgent	WARN	TLS certificate errors will be ignored for this session
JavaScript warning: https://discord.com/assets/14eeac52c9c5f0a9923a.js, line 3816: unreachable code after return statement
JavaScript warning: https://discord.com/assets/14eeac52c9c5f0a9923a.js, line 3816: unreachable code after return statement
JavaScript warning: https://discord.com/assets/14eeac52c9c5f0a9923a.js, line 3816: unreachable code after return statement
JavaScript warning: https://discord.com/assets/14eeac52c9c5f0a9923a.js, line 3816: unreachable code after return statement
JavaScript warning: https://discord.com/assets/14eeac52c9c5f0a9923a.js, line 3816: unreachable code after return statement
JavaScript warning: https://discord.com/assets/14eeac52c9c5f0a9923a.js, line 3816: unreachable code after return statement
JavaScript warning: https://discord.com/assets/14eeac52c9c5f0a9923a.js, line 3816: unreachable code after return statement
JavaScript warning: https://discord.com/assets/14eeac52c9c5f0a9923a.js, line 3816: unreachable code after return statement
JavaScript warning: https://discord.com/assets/14eeac52c9c5f0a9923a.js, line 3816: unreachable code after return statement
JavaScript warning: https://discord.com/assets/14eeac52c9c5f0a9923a.js, line 3816: unreachable code after return statement
JavaScript warning: https://discord.com/assets/14eeac52c9c5f0a9923a.js, line 3816: unreachable code after return statement
JavaScript warning: https://discord.com/assets/14eeac52c9c5f0a9923a.js, line 3816: unreachable code after return statement
JavaScript error: , line 0: AbortError: The fetching process for the media resource was aborted by the user agent at the user's request.
Exiting due to channel error.
Exiting due to channel error.
Exiting due to channel error.
1630425378026	geckodriver	INFO	Listening on 127.0.0.1:36935
1630425378033	mozrunner::runner	INFO	Running command: "/usr/bin/firefox" "--marionette" "-foreground" "-no-remote" "-profile" "/tmp/rust_mozprofileqv8LVQ"
1630425379602	Marionette	INFO	Marionette enabled
console.warn: SearchSettings: "get: No settings file exists, new profile?" (new NotFoundError("Could not open the file at /tmp/rust_mozprofileqv8LVQ/search.json.mozlz4", (void 0)))
1630425383610	Marionette	INFO	Listening on port 46401
1630425383686	RemoteAgent	WARN	TLS certificate errors will be ignored for this session
JavaScript warning: https://discord.com/assets/14eeac52c9c5f0a9923a.js, line 3816: unreachable code after return statement
JavaScript warning: https://discord.com/assets/14eeac52c9c5f0a9923a.js, line 3816: unreachable code after return statement
JavaScript warning: https://discord.com/assets/14eeac52c9c5f0a9923a.js, line 3816: unreachable code after return statement
JavaScript warning: https://discord.com/assets/14eeac52c9c5f0a9923a.js, line 3816: unreachable code after return statement
JavaScript warning: https://discord.com/assets/14eeac52c9c5f0a9923a.js, line 3816: unreachable code after return statement
JavaScript warning: https://discord.com/assets/14eeac52c9c5f0a9923a.js, line 3816: unreachable code after return statement
JavaScript warning: https://discord.com/assets/14eeac52c9c5f0a9923a.js, line 3816: unreachable code after return statement
JavaScript warning: https://discord.com/assets/14eeac52c9c5f0a9923a.js, line 3816: unreachable code after return statement
console.error: (new TypeError("container.node.targetFront is null", "resource://devtools/client/inspector/markup/markup.js", 2309))
console.error: (new TypeError("container.node.targetFront is null", "resource://devtools/client/inspector/markup/markup.js", 2309))
1630425468997	geckodriver	INFO	Listening on 127.0.0.1:57749
1630425470004	mozrunner::runner	INFO	Running command: "/usr/bin/firefox" "--marionette" "-foreground" "-no-remote" "-profile" "/tmp/rust_mozprofilejOwNro"
1630425471559	Marionette	INFO	Marionette enabled
console.warn: SearchSettings: "get: No settings file exists, new profile?" (new NotFoundError("Could not open the file at /tmp/rust_mozprofilejOwNro/search.json.mozlz4", (void 0)))
1630425475761	Marionette	INFO	Listening on port 45907
1630425475845	RemoteAgent	WARN	TLS certificate errors will be ignored for this session
JavaScript warning: https://discord.com/assets/14eeac52c9c5f0a9923a.js, line 3816: unreachable code after return statement
JavaScript warning: https://discord.com/assets/14eeac52c9c5f0a9923a.js, line 3816: unreachable code after return statement
JavaScript warning: https://discord.com/assets/14eeac52c9c5f0a9923a.js, line 3816: unreachable code after return statement
JavaScript warning: https://discord.com/assets/14eeac52c9c5f0a9923a.js, line 3816: unreachable code after return statement
JavaScript warning: https://discord.com/assets/14eeac52c9c5f0a9923a.js, line 3816: unreachable code after return statement
JavaScript warning: https://discord.com/assets/14eeac52c9c5f0a9923a.js, line 3816: unreachable code after return statement
JavaScript warning: https://discord.com/assets/14eeac52c9c5f0a9923a.js, line 3816: unreachable code after return statement
JavaScript warning: https://discord.com/assets/14eeac52c9c5f0a9923a.js, line 3816: unreachable code after return statement
1630425568381	geckodriver	INFO	Listening on 127.0.0.1:50039
1630425569385	mozrunner::runner	INFO	Running command: "/usr/bin/firefox" "--marionette" "-foreground" "-no-remote" "-profile" "/tmp/rust_mozprofileAtqqpR"
1630425571172	Marionette	INFO	Marionette enabled
console.warn: SearchSettings: "get: No settings file exists, new profile?" (new NotFoundError("Could not open the file at /tmp/rust_mozprofileAtqqpR/search.json.mozlz4", (void 0)))
1630425575631	Marionette	INFO	Listening on port 43509
1630425575745	RemoteAgent	WARN	TLS certificate errors will be ignored for this session
1630425579340	Marionette	INFO	Stopped listening on port 45907
JavaScript error: resource:///modules/Interactions.jsm, line 209: NS_ERROR_FAILURE: Component returned failure code: 0x80004005 (NS_ERROR_FAILURE) [nsIUserIdleService.removeIdleObserver]
JavaScript error: chrome://remote/content/marionette/cert.js, line 55: NS_ERROR_NOT_AVAILABLE: Component returned failure code: 0x80040111 (NS_ERROR_NOT_AVAILABLE) [nsICertOverrideService.setDisableAllSecurityChecksAndLetAttackersInterceptMyData]

###!!! [Parent][RunMessage] Error: Channel closing: too late to send/recv, messages will be lost

1630425581061	Marionette	INFO	Stopped listening on port 46401
JavaScript error: resource:///modules/Interactions.jsm, line 209: NS_ERROR_FAILURE: Component returned failure code: 0x80004005 (NS_ERROR_FAILURE) [nsIUserIdleService.removeIdleObserver]
JavaScript error: chrome://remote/content/marionette/cert.js, line 55: NS_ERROR_NOT_AVAILABLE: Component returned failure code: 0x80040111 (NS_ERROR_NOT_AVAILABLE) [nsICertOverrideService.setDisableAllSecurityChecksAndLetAttackersInterceptMyData]
1630425585443	geckodriver	INFO	Listening on 127.0.0.1:39785
1630425585449	mozrunner::runner	INFO	Running command: "/usr/bin/firefox" "--marionette" "-foreground" "-no-remote" "-profile" "/tmp/rust_mozprofile0J9Sin"
1630425587040	Marionette	INFO	Marionette enabled
console.warn: SearchSettings: "get: No settings file exists, new profile?" (new NotFoundError("Could not open the file at /tmp/rust_mozprofile0J9Sin/search.json.mozlz4", (void 0)))
1630425591172	Marionette	INFO	Listening on port 40111
1630425591307	RemoteAgent	WARN	TLS certificate errors will be ignored for this session
JavaScript warning: https://discord.com/assets/14eeac52c9c5f0a9923a.js, line 3816: unreachable code after return statement
JavaScript warning: https://discord.com/assets/14eeac52c9c5f0a9923a.js, line 3816: unreachable code after return statement
JavaScript warning: https://discord.com/assets/14eeac52c9c5f0a9923a.js, line 3816: unreachable code after return statement
JavaScript warning: https://discord.com/assets/14eeac52c9c5f0a9923a.js, line 3816: unreachable code after return statement
JavaScript warning: https://discord.com/assets/14eeac52c9c5f0a9923a.js, line 3816: unreachable code after return statement
JavaScript warning: https://discord.com/assets/14eeac52c9c5f0a9923a.js, line 3816: unreachable code after return statement
JavaScript warning: https://discord.com/assets/14eeac52c9c5f0a9923a.js, line 3816: unreachable code after return statement
JavaScript warning: https://discord.com/assets/14eeac52c9c5f0a9923a.js, line 3816: unreachable code after return statement
1630425678920	Marionette	INFO	Stopped listening on port 40111
JavaScript error: resource:///modules/Interactions.jsm, line 209: NS_ERROR_FAILURE: Component returned failure code: 0x80004005 (NS_ERROR_FAILURE) [nsIUserIdleService.removeIdleObserver]
[Parent 17502, IPC I/O Parent] WARNING: FileDescriptorSet destroyed with unconsumed descriptors: file /build/firefox-RJh93w/firefox-91.0.2+build1/ipc/chromium/src/chrome/common/file_descriptor_set_posix.cc:19
JavaScript error: chrome://remote/content/marionette/cert.js, line 55: NS_ERROR_NOT_AVAILABLE: Component returned failure code: 0x80040111 (NS_ERROR_NOT_AVAILABLE) [nsICertOverrideService.setDisableAllSecurityChecksAndLetAttackersInterceptMyData]

###!!! [Parent][RunMessage] Error: Channel closing: too late to send/recv, messages will be lost

1630425699540	geckodriver	INFO	Listening on 127.0.0.1:47429
1630425699547	mozrunner::runner	INFO	Running command: "/usr/bin/firefox" "--marionette" "-foreground" "-no-remote" "-profile" "/tmp/rust_mozprofilevT6ww5"
1630425777152	geckodriver	INFO	Listening on 127.0.0.1:59655
1630425777156	mozrunner::runner	INFO	Running command: "/usr/bin/firefox" "--marionette" "-foreground" "-no-remote" "-profile" "/tmp/rust_mozprofileKC8dWo"
1630425778782	Marionette	INFO	Marionette enabled
console.warn: SearchSettings: "get: No settings file exists, new profile?" (new NotFoundError("Could not open the file at /tmp/rust_mozprofileKC8dWo/search.json.mozlz4", (void 0)))
1630425782662	Marionette	INFO	Listening on port 36657
1630425782720	RemoteAgent	WARN	TLS certificate errors will be ignored for this session
JavaScript warning: https://discord.com/assets/14eeac52c9c5f0a9923a.js, line 3816: unreachable code after return statement
JavaScript warning: https://discord.com/assets/14eeac52c9c5f0a9923a.js, line 3816: unreachable code after return statement
JavaScript warning: https://discord.com/assets/14eeac52c9c5f0a9923a.js, line 3816: unreachable code after return statement
JavaScript warning: https://discord.com/assets/14eeac52c9c5f0a9923a.js, line 3816: unreachable code after return statement
JavaScript warning: https://discord.com/assets/14eeac52c9c5f0a9923a.js, line 3816: unreachable code after return statement
JavaScript warning: https://discord.com/assets/14eeac52c9c5f0a9923a.js, line 3816: unreachable code after return statement
JavaScript warning: https://discord.com/assets/14eeac52c9c5f0a9923a.js, line 3816: unreachable code after return statement
JavaScript warning: https://discord.com/assets/14eeac52c9c5f0a9923a.js, line 3816: unreachable code after return statement
1630425829636	geckodriver	INFO	Listening on 127.0.0.1:41599
1630425829641	mozrunner::runner	INFO	Running command: "/usr/bin/firefox" "--marionette" "-foreground" "-no-remote" "-profile" "/tmp/rust_mozprofileWjBfQF"
1630425831446	Marionette	INFO	Marionette enabled
console.warn: SearchSettings: "get: No settings file exists, new profile?" (new NotFoundError("Could not open the file at /tmp/rust_mozprofileWjBfQF/search.json.mozlz4", (void 0)))
1630425835804	Marionette	INFO	Listening on port 33361
1630425835933	RemoteAgent	WARN	TLS certificate errors will be ignored for this session
JavaScript warning: https://discord.com/assets/14eeac52c9c5f0a9923a.js, line 3816: unreachable code after return statement
JavaScript warning: https://discord.com/assets/14eeac52c9c5f0a9923a.js, line 3816: unreachable code after return statement
JavaScript warning: https://discord.com/assets/14eeac52c9c5f0a9923a.js, line 3816: unreachable code after return statement
JavaScript warning: https://discord.com/assets/14eeac52c9c5f0a9923a.js, line 3816: unreachable code after return statement
JavaScript warning: https://discord.com/assets/14eeac52c9c5f0a9923a.js, line 3816: unreachable code after return statement
JavaScript warning: https://discord.com/assets/14eeac52c9c5f0a9923a.js, line 3816: unreachable code after return statement
JavaScript warning: https://discord.com/assets/14eeac52c9c5f0a9923a.js, line 3816: unreachable code after return statement
JavaScript warning: https://discord.com/assets/14eeac52c9c5f0a9923a.js, line 3816: unreachable code after return statement
1630425870402	Marionette	INFO	Stopped listening on port 33361
JavaScript error: resource:///modules/Interactions.jsm, line 209: NS_ERROR_FAILURE: Component returned failure code: 0x80004005 (NS_ERROR_FAILURE) [nsIUserIdleService.removeIdleObserver]
JavaScript error: chrome://remote/content/marionette/cert.js, line 55: NS_ERROR_NOT_AVAILABLE: Component returned failure code: 0x80040111 (NS_ERROR_NOT_AVAILABLE) [nsICertOverrideService.setDisableAllSecurityChecksAndLetAttackersInterceptMyData]

###!!! [Parent][RunMessage] Error: Channel closing: too late to send/recv, messages will be lost

1630425872535	Marionette	INFO	Stopped listening on port 36657
JavaScript error: resource:///modules/Interactions.jsm, line 209: NS_ERROR_FAILURE: Component returned failure code: 0x80004005 (NS_ERROR_FAILURE) [nsIUserIdleService.removeIdleObserver]
JavaScript error: chrome://remote/content/marionette/cert.js, line 55: NS_ERROR_NOT_AVAILABLE: Component returned failure code: 0x80040111 (NS_ERROR_NOT_AVAILABLE) [nsICertOverrideService.setDisableAllSecurityChecksAndLetAttackersInterceptMyData]
[Parent 18232, IPC I/O Parent] WARNING: FileDescriptorSet destroyed with unconsumed descriptors: file /build/firefox-RJh93w/firefox-91.0.2+build1/ipc/chromium/src/chrome/common/file_descriptor_set_posix.cc:19

###!!! [Parent][RunMessage] Error: Channel closing: too late to send/recv, messages will be lost

1630425883921	geckodriver	INFO	Listening on 127.0.0.1:52335
1630425883925	mozrunner::runner	INFO	Running command: "/usr/bin/firefox" "--marionette" "-foreground" "-no-remote" "-profile" "/tmp/rust_mozprofiley4yYip"
1630425885584	Marionette	INFO	Marionette enabled
console.warn: SearchSettings: "get: No settings file exists, new profile?" (new NotFoundError("Could not open the file at /tmp/rust_mozprofiley4yYip/search.json.mozlz4", (void 0)))
1630425889178	Marionette	INFO	Listening on port 44657
1630425889278	RemoteAgent	WARN	TLS certificate errors will be ignored for this session
JavaScript warning: https://discord.com/assets/14eeac52c9c5f0a9923a.js, line 3816: unreachable code after return statement
JavaScript warning: https://discord.com/assets/14eeac52c9c5f0a9923a.js, line 3816: unreachable code after return statement
JavaScript warning: https://discord.com/assets/14eeac52c9c5f0a9923a.js, line 3816: unreachable code after return statement
JavaScript warning: https://discord.com/assets/14eeac52c9c5f0a9923a.js, line 3816: unreachable code after return statement
JavaScript warning: https://discord.com/assets/14eeac52c9c5f0a9923a.js, line 3816: unreachable code after return statement
JavaScript warning: https://discord.com/assets/14eeac52c9c5f0a9923a.js, line 3816: unreachable code after return statement
JavaScript warning: https://discord.com/assets/14eeac52c9c5f0a9923a.js, line 3816: unreachable code after return statement
JavaScript warning: https://discord.com/assets/14eeac52c9c5f0a9923a.js, line 3816: unreachable code after return statement
1630425924469	Marionette	INFO	Stopped listening on port 44657
JavaScript error: resource:///modules/Interactions.jsm, line 209: NS_ERROR_FAILURE: Component returned failure code: 0x80004005 (NS_ERROR_FAILURE) [nsIUserIdleService.removeIdleObserver]
JavaScript error: chrome://remote/content/marionette/cert.js, line 55: NS_ERROR_NOT_AVAILABLE: Component returned failure code: 0x80040111 (NS_ERROR_NOT_AVAILABLE) [nsICertOverrideService.setDisableAllSecurityChecksAndLetAttackersInterceptMyData]
[Parent 19106, IPC I/O Parent] WARNING: FileDescriptorSet destroyed with unconsumed descriptors: file /build/firefox-RJh93w/firefox-91.0.2+build1/ipc/chromium/src/chrome/common/file_descriptor_set_posix.cc:19
